<?xml version="1.0" encoding="UTF-8"?>
<!-- Generated by org.testng.reporters.JUnitXMLReporter -->
<testsuite hostname="CDC2-L-71731JB" ignored="0" name="Default test" tests="4" failures="0" timestamp="21 Oct 2018 17:13:31 GMT" time="26.569" errors="0">
  <testcase name="login" time="5.451" classname="demoPack.MercuryE2E"/>
  <testcase name="passngrDetails" time="2.43" classname="demoPack.MercuryE2E"/>
  <testcase name="ticketBooking" time="2.448" classname="demoPack.MercuryE2E"/>
  <testcase name="zBookingfinalPage" time="2.38" classname="demoPack.MercuryE2E"/>
</testsuite> <!-- Default test -->
